[2026-04-01T22:21:25.737Z] GET https://soothing-inspiration-production-6fd5.up.railway.app/ → 200 (204ms, 85147B)
[2026-04-01T22:21:25.952Z] GET https://cdn.jsdelivr.net/npm/@fontsource/geist-sans@5.0.1/index.min.css → 200 (49ms, 554B)
[2026-04-01T22:21:25.952Z] GET https://cdn.jsdelivr.net/npm/@fontsource/geist-mono@5.0.1/index.min.css → 200 (47ms, 554B)
[2026-04-01T22:21:25.952Z] GET https://code.iconify.design/iconify-icon/1.0.7/iconify-icon.min.js → 200 (70ms, 22003B)
[2026-04-01T22:21:25.952Z] GET https://unpkg.com/lucide@latest → 302 (111ms, ?B)
[2026-04-01T22:21:25.952Z] GET https://cdn.tailwindcss.com/ → 302 (69ms, ?B)
[2026-04-01T22:21:25.952Z] GET https://www.googletagmanager.com/gtag/js?id=G-2M6V79H761 → pending (?ms, ?B)
[2026-04-01T22:21:25.953Z] GET https://soothing-inspiration-production-6fd5.up.railway.app/Logo/ar%C4%B1n%C3%A7_clean.png → 200 (64ms, 21324B)
[2026-04-01T22:21:25.953Z] GET https://soothing-inspiration-production-6fd5.up.railway.app/Logo/coniwi.png → 200 (72ms, 285709B)
[2026-04-01T22:21:25.953Z] GET https://soothing-inspiration-production-6fd5.up.railway.app/Logo/ertanlar_clean.png → 200 (128ms, 58690B)
[2026-04-01T22:21:25.953Z] GET https://soothing-inspiration-production-6fd5.up.railway.app/Logo/fema.svg → 200 (446ms, ?B)
[2026-04-01T22:21:25.953Z] GET https://soothing-inspiration-production-6fd5.up.railway.app/Logo/igrek_clean.png → 200 (463ms, ?B)
[2026-04-01T22:21:25.953Z] GET https://soothing-inspiration-production-6fd5.up.railway.app/Logo/naturagen.webp → 200 (508ms, ?B)
[2026-04-01T22:21:25.953Z] GET https://soothing-inspiration-production-6fd5.up.railway.app/Logo/nurgun_clean.png → 200 (463ms, ?B)
[2026-04-01T22:21:25.953Z] GET https://soothing-inspiration-production-6fd5.up.railway.app/Logo/rapidlanyard_clean.png → 200 (508ms, ?B)
[2026-04-01T22:21:25.953Z] GET https://soothing-inspiration-production-6fd5.up.railway.app/Logo/selinclogo1_clean.png → 200 (509ms, ?B)
[2026-04-01T22:21:25.953Z] GET https://soothing-inspiration-production-6fd5.up.railway.app/Logo/profile_salih.png → 200 (466ms, ?B)
[2026-04-01T22:21:25.953Z] GET https://images.unsplash.com/photo-1573496359142-b8d87734a5a2?q=80&w=1200&auto=format&fit=crop → 200 (531ms, ?B)
[2026-04-01T22:21:26.021Z] GET https://cdn.tailwindcss.com/3.4.17 → 200 (21ms, 407279B)
[2026-04-01T22:21:26.064Z] GET https://unpkg.com/lucide@1.7.0/dist/umd/lucide.min.js → 200 (83ms, 397410B)
[2026-04-01T22:21:26.484Z] GET https://cdn.jsdelivr.net/npm/@fontsource/geist-sans@5.0.1/files/geist-sans-latin-400-normal.woff2 → pending (?ms, ?B)
[2026-04-01T22:21:26.484Z] GET https://cdn.jsdelivr.net/npm/@fontsource/geist-mono@5.0.1/files/geist-mono-latin-400-normal.woff2 → pending (?ms, ?B)
[2026-04-01T22:21:26.496Z] GET https://api.iconify.design/solar.json?icons=hamburger-menu-linear → 200 (26ms, 245B)
[2026-04-01T22:21:26.501Z] GET https://api.iconify.design/solar.json?icons=arrow-right-linear%2Carrow-right-up-linear → 200 (29ms, 455B)
[2026-04-01T22:21:26.521Z] GET https://api.iconify.design/solar.json?icons=database-linear → 200 (33ms, 388B)
[2026-04-01T22:21:26.553Z] GET https://api.iconify.design/mdi.json?icons=linkedin → 200 (86ms, 495B)
[2026-04-01T22:21:26.693Z] GET https://api.iconify.design/solar.json?icons=link-linear%2Cquote-left-linear%2Ctwit-linear → 200 (49ms, 534B)
[2026-04-01T22:21:26.739Z] POST https://www.google-analytics.com/g/collect?v=2&tid=G-2M6V79H761&gtm=45je63v0v9218448198za200zd9218448198&_p=1775082086205&gcd=13l3l3l3l1l1&npa=0&dma=0&cid=1938244526.1775082087&ul=en-us&sr=1280x720&uaa=arm&uab=64&uafvl=Not%253AA-Brand%3B99.0.0.0%7CHeadlessChrome%3B145.0.7632.6%7CChromium%3B145.0.7632.6&uamb=0&uam=&uap=macOS&uapv=14.3.1&uaw=0&are=1&frm=0&pscdl=noapi&_s=1&tag_exp=0~115938465~115938468~116991817&sid=1775082086&sct=1&seg=0&dl=https%3A%2F%2Fsoothing-inspiration-production-6fd5.up.railway.app%2F&dt=STRATA%20%7C%20Revenue%20Infrastructure&en=page_view&_fv=1&_nsi=1&_ss=1&_ee=1&tfd=993 → 204 (123ms, ?B)
[2026-04-01T22:21:26.741Z] GET https://googleads.g.doubleclick.net/pagead/viewthroughconversion/17731977471/?random=1775082086730&cv=11&fst=1775082086730&bg=ffffff&guid=ON&async=1&en=gtag.config&gtm=45je63v0v9218448198za200zd9218448198xec&gcd=13l3l3l3l1l1&dma=0&tag_exp=0~115938465~115938468~116991817&u_w=1280&u_h=720&url=https%3A%2F%2Fsoothing-inspiration-production-6fd5.up.railway.app%2F&frm=0&tiba=STRATA%20%7C%20Revenue%20Infrastructure&hn=www.googleadservices.com&npa=0&pscdl=noapi&auid=1598124730.1775082087&uaa=arm&uab=64&uafvl=Not%253AA-Brand%3B99.0.0.0%7CHeadlessChrome%3B145.0.7632.6%7CChromium%3B145.0.7632.6&uamb=0&uam=&uap=macOS&uapv=14.3.1&uaw=0&data=event%3Dgtag.config&rfmt=3&fmt=4 → 200 (149ms, 5362B)
[2026-04-01T22:21:26.741Z] POST https://www.google.com/ccm/collect?frm=0&en=page_view&dl=https%3A%2F%2Fsoothing-inspiration-production-6fd5.up.railway.app%2F&scrsrc=www.googletagmanager.com&rnd=1343666036.1775082087&dt=STRATA%20%7C%20Revenue%20Infrastructure&auid=1598124730.1775082087&navt=n&npa=0&gtm=45je63v0v9218448198za200zd9218448198xec&gcd=13l3l3l3l1l1&dma=0&tag_exp=0~115938465~115938468~116991817&apve=1&apvf=f&apvc=1&tids=AW-17731977471&tid=AW-17731977471&tft=1775082086736&tfd=1004 → 200 (126ms, ?B)
[2026-04-01T22:21:26.891Z] GET https://www.google.com/pagead/1p-user-list/17731977471/?random=1775082086730&cv=11&fst=1775080800000&bg=ffffff&guid=ON&async=1&en=gtag.config&gtm=45je63v0v9218448198za200zd9218448198xec&gcd=13l3l3l3l1l1&dma=0&tag_exp=0~115938465~115938468~116991817&u_w=1280&u_h=720&url=https%3A%2F%2Fsoothing-inspiration-production-6fd5.up.railway.app%2F&frm=0&tiba=STRATA%20%7C%20Revenue%20Infrastructure&hn=www.googleadservices.com&npa=0&pscdl=noapi&auid=1598124730.1775082087&uaa=arm&uab=64&uafvl=Not%253AA-Brand%3B99.0.0.0%7CHeadlessChrome%3B145.0.7632.6%7CChromium%3B145.0.7632.6&uamb=0&uam=&uap=macOS&uapv=14.3.1&uaw=0&data=event%3Dgtag.config&rfmt=3&fmt=3&is_vtc=1&cid=CAQSyAEABaugfaW6il4Hl2JOkWccw8ifHjPh5AtRSTm4OIyq7_8jUgZJfl8n05HiWl5u331iiUbgAPXKnBUEZyQTPESjQuvYj9rGJ2gtCp5QcDE0DV_OgESrhOcNaCknSQoVLgiD-iaxkZQkjr_Oze5nS59I8a6AVa-Tor-hP5xt-37AHAjIqROmEUoHLdkPldJc21SXAZyAubUf_5-Qx1nv6-domm8WZu82yrggIFSMwvWcswqkzDbMZlLPQ5p1q_5gYDgBjtFZch1cww&random=966704951&rmt_tld=0&ipr=y → 200 (145ms, 42B)
[2026-04-01T22:21:26.891Z] GET https://www.google.com.tr/pagead/1p-user-list/17731977471/?random=1775082086730&cv=11&fst=1775080800000&bg=ffffff&guid=ON&async=1&en=gtag.config&gtm=45je63v0v9218448198za200zd9218448198xec&gcd=13l3l3l3l1l1&dma=0&tag_exp=0~115938465~115938468~116991817&u_w=1280&u_h=720&url=https%3A%2F%2Fsoothing-inspiration-production-6fd5.up.railway.app%2F&frm=0&tiba=STRATA%20%7C%20Revenue%20Infrastructure&hn=www.googleadservices.com&npa=0&pscdl=noapi&auid=1598124730.1775082087&uaa=arm&uab=64&uafvl=Not%253AA-Brand%3B99.0.0.0%7CHeadlessChrome%3B145.0.7632.6%7CChromium%3B145.0.7632.6&uamb=0&uam=&uap=macOS&uapv=14.3.1&uaw=0&data=event%3Dgtag.config&rfmt=3&fmt=3&is_vtc=1&cid=CAQSyAEABaugfaW6il4Hl2JOkWccw8ifHjPh5AtRSTm4OIyq7_8jUgZJfl8n05HiWl5u331iiUbgAPXKnBUEZyQTPESjQuvYj9rGJ2gtCp5QcDE0DV_OgESrhOcNaCknSQoVLgiD-iaxkZQkjr_Oze5nS59I8a6AVa-Tor-hP5xt-37AHAjIqROmEUoHLdkPldJc21SXAZyAubUf_5-Qx1nv6-domm8WZu82yrggIFSMwvWcswqkzDbMZlLPQ5p1q_5gYDgBjtFZch1cww&random=966704951&rmt_tld=1&ipr=y → 200 (302ms, 42B)
[2026-04-01T22:21:41.775Z] GET http://localhost:8765/revenue-infrastruc-43.html → 200 (4ms, 87742B)
[2026-04-01T22:21:41.846Z] GET https://fonts.googleapis.com/css2?family=Red+Hat+Display:wght@400;500;600;700&display=swap → 200 (127ms, 3592B)
[2026-04-01T22:21:41.846Z] GET https://cdn.jsdelivr.net/npm/@fontsource/geist-sans@5.0.1/index.min.css → 200 (7ms, 554B)
[2026-04-01T22:21:41.846Z] GET https://cdn.jsdelivr.net/npm/@fontsource/geist-mono@5.0.1/index.min.css → 200 (10ms, 554B)
[2026-04-01T22:21:41.846Z] GET https://code.iconify.design/iconify-icon/1.0.7/iconify-icon.min.js → 200 (18ms, 22003B)
[2026-04-01T22:21:41.846Z] GET https://unpkg.com/lucide@latest → 302 (17ms, ?B)
[2026-04-01T22:21:41.847Z] GET https://cdn.tailwindcss.com/ → 302 (17ms, ?B)
[2026-04-01T22:21:41.847Z] GET https://www.googletagmanager.com/gtag/js?id=G-2M6V79H761 → 200 (33ms, 535917B)
[2026-04-01T22:21:41.847Z] GET http://localhost:8765/TibexaLogo/Tibexa%20Global/DarkLogo.png → 200 (18ms, 81964B)
[2026-04-01T22:21:41.847Z] GET http://localhost:8765/Logo/ar%C4%B1n%C3%A7_clean.png → 200 (18ms, 21324B)
[2026-04-01T22:21:41.847Z] GET http://localhost:8765/Logo/coniwi.png → 200 (19ms, 285709B)
[2026-04-01T22:21:41.847Z] GET http://localhost:8765/Logo/ertanlar_clean.png → 200 (19ms, 58690B)
[2026-04-01T22:21:41.848Z] GET http://localhost:8765/Logo/fema.svg → 200 (19ms, 1935B)
[2026-04-01T22:21:41.848Z] GET http://localhost:8765/Logo/igrek_clean.png → 200 (32ms, 7257B)
[2026-04-01T22:21:41.848Z] GET http://localhost:8765/Logo/naturagen.webp → 200 (33ms, 26906B)
[2026-04-01T22:21:41.849Z] GET http://localhost:8765/Logo/nurgun_clean.png → 200 (32ms, 12031B)
[2026-04-01T22:21:41.849Z] GET http://localhost:8765/Logo/rapidlanyard_clean.png → 200 (38ms, 31222B)
[2026-04-01T22:21:41.849Z] GET http://localhost:8765/Logo/selinclogo1_clean.png → 200 (39ms, 115666B)
[2026-04-01T22:21:41.849Z] GET http://localhost:8765/Logo/profile_salih.png → 200 (39ms, 172636B)
[2026-04-01T22:21:41.850Z] GET https://images.unsplash.com/photo-1573496359142-b8d87734a5a2?q=80&w=1200&auto=format&fit=crop → 200 (39ms, 128279B)
[2026-04-01T22:21:41.864Z] GET https://unpkg.com/lucide@1.7.0/dist/umd/lucide.min.js → 200 (3ms, 397410B)
[2026-04-01T22:21:41.864Z] GET https://cdn.tailwindcss.com/3.4.17 → 200 (3ms, 407279B)
[2026-04-01T22:21:42.072Z] GET https://cdn.jsdelivr.net/npm/@fontsource/geist-sans@5.0.1/files/geist-sans-latin-400-normal.woff2 → 200 (?ms, 33400B)
[2026-04-01T22:21:42.072Z] GET https://cdn.jsdelivr.net/npm/@fontsource/geist-mono@5.0.1/files/geist-mono-latin-400-normal.woff2 → 200 (1ms, 17500B)
[2026-04-01T22:21:42.143Z] GET https://api.iconify.design/solar.json?icons=hamburger-menu-linear → 200 (46ms, 245B)
[2026-04-01T22:21:42.189Z] GET https://api.iconify.design/solar.json?icons=arrow-right-linear%2Carrow-right-up-linear → 200 (24ms, 455B)
[2026-04-01T22:21:42.212Z] GET https://api.iconify.design/solar.json?icons=database-linear → 200 (19ms, 388B)
[2026-04-01T22:21:42.231Z] GET https://api.iconify.design/mdi.json?icons=linkedin → 200 (85ms, 495B)
[2026-04-01T22:21:42.355Z] GET https://api.iconify.design/solar.json?icons=link-linear%2Cquote-left-linear → 200 (54ms, 520B)
[2026-04-01T22:21:42.396Z] POST https://www.google-analytics.com/g/collect?v=2&tid=G-2M6V79H761&gtm=45je63v0v9218448198za200zd9218448198&_p=1775082102008&gcd=13l3l3l3l1l1&npa=0&dma=0&cid=2087169256.1775082102&ul=en-us&sr=1280x720&uaa=arm&uab=64&uafvl=Not%253AA-Brand%3B99.0.0.0%7CHeadlessChrome%3B145.0.7632.6%7CChromium%3B145.0.7632.6&uamb=0&uam=&uap=macOS&uapv=14.3.1&uaw=0&are=1&frm=0&pscdl=noapi&_s=1&tag_exp=0~115938465~115938468~116991816~118128922~118131809~118328122&sid=1775082102&sct=1&seg=0&dl=http%3A%2F%2Flocalhost%2Frevenue-infrastruc-43.html&dt=Tibexa%20Global%20%7C%20B2B%20%C4%B0hracat%20Altyap%C4%B1s%C4%B1&en=page_view&_fv=1&_nsi=1&_ss=1&_ee=1&tfd=610 → 204 (44ms, ?B)
[2026-04-01T22:21:42.396Z] GET https://googleads.g.doubleclick.net/pagead/viewthroughconversion/17731977471/?random=1775082102386&cv=11&fst=1775082102386&bg=ffffff&guid=ON&async=1&en=gtag.config&gtm=45je63v0v9218448198za200zd9218448198xec&gcd=13l3l3l3l1l1&dma=0&tag_exp=0~115938465~115938468~116991816~118128922~118131809~118328122&u_w=1280&u_h=720&url=http%3A%2F%2Flocalhost%3A8765%2Frevenue-infrastruc-43.html&frm=0&tiba=Tibexa%20Global%20%7C%20B2B%20%C4%B0hracat%20Altyap%C4%B1s%C4%B1&hn=www.googleadservices.com&npa=0&pscdl=noapi&auid=238745303.1775082102&uaa=arm&uab=64&uafvl=Not%253AA-Brand%3B99.0.0.0%7CHeadlessChrome%3B145.0.7632.6%7CChromium%3B145.0.7632.6&uamb=0&uam=&uap=macOS&uapv=14.3.1&uaw=0&data=event%3Dgtag.config&rfmt=3&fmt=4 → 200 (65ms, 5488B)
[2026-04-01T22:21:42.396Z] POST https://www.google.com/rmkt/collect/17731977471/?random=1775082102386&cv=11&fst=1775082102386&fmt=8&bg=ffffff&guid=ON&async=1&en=gtag.config&gtm=45je63v0v9218448198za200zd9218448198xec&gcd=13l3l3l3l1l1&dma=0&tag_exp=0~115938465~115938468~116991816~118128922~118131809~118328122&u_w=1280&u_h=720&url=http%3A%2F%2Flocalhost%3A8765%2Frevenue-infrastruc-43.html&frm=0&tiba=Tibexa%20Global%20%7C%20B2B%20%C4%B0hracat%20Altyap%C4%B1s%C4%B1&hn=www.googleadservices.com&npa=0&pscdl=noapi&auid=238745303.1775082102&uaa=arm&uab=64&uafvl=Not%253AA-Brand%3B99.0.0.0%7CHeadlessChrome%3B145.0.7632.6%7CChromium%3B145.0.7632.6&uamb=0&uam=&uap=macOS&uapv=14.3.1&uaw=0&data=event%3Dgtag.config&gcp=5 → pending (?ms, ?B)
[2026-04-01T22:21:42.396Z] POST https://www.google.com/ccm/collect?frm=0&en=page_view&dl=http%3A%2F%2Flocalhost%3A8765%2Frevenue-infrastruc-43.html&scrsrc=www.googletagmanager.com&rnd=2113649990.1775082102&dt=Tibexa%20Global%20%7C%20B2B%20%C4%B0hracat%20Altyap%C4%B1s%C4%B1&auid=238745303.1775082102&navt=n&npa=0&gtm=45je63v0v9218448198za200zd9218448198xec&gcd=13l3l3l3l1l1&dma=0&tag_exp=0~115938465~115938468~116991816~118128922~118131809~118328122&apve=1&apvf=f&apvc=1&tids=AW-17731977471&tid=AW-17731977471&tft=1775082102394&tfd=620 → 200 (56ms, ?B)
[2026-04-01T22:21:42.462Z] GET https://www.google.com/pagead/1p-user-list/17731977471/?random=1775082102386&cv=11&fst=1775080800000&bg=ffffff&guid=ON&async=1&en=gtag.config&gtm=45je63v0v9218448198za200zd9218448198xec&gcd=13l3l3l3l1l1&dma=0&tag_exp=0~115938465~115938468~116991816~118128922~118131809~118328122&u_w=1280&u_h=720&url=http%3A%2F%2Flocalhost%3A8765%2Frevenue-infrastruc-43.html&frm=0&tiba=Tibexa%20Global%20%7C%20B2B%20%C4%B0hracat%20Altyap%C4%B1s%C4%B1&hn=www.googleadservices.com&npa=0&pscdl=noapi&auid=238745303.1775082102&uaa=arm&uab=64&uafvl=Not%253AA-Brand%3B99.0.0.0%7CHeadlessChrome%3B145.0.7632.6%7CChromium%3B145.0.7632.6&uamb=0&uam=&uap=macOS&uapv=14.3.1&uaw=0&data=event%3Dgtag.config&rfmt=3&fmt=3&is_vtc=1&cid=CAQS1gEABaugfbXwv6ABktP5foE9G9XGXRTysnJqht2ytN5CDdCBAvf4yi5iZiq26PaYvUJgBIq0TVDkys6mKgkh-MiUvQBXa6XLt1K37YlegvlImRoM0q1gsjLOMmSyfbWLtz33pSPZ6Vocu-otwTdcyP9TkAW-OUwjrXDz3bDGbyNWttjXMp97ZJuUSBI7souwEfGjfDoYSjUZ11ka0BU7hcS5K1MI6ec7kY-e2KTjCDSXJPWjA8_W_OUEE06KtYPEplTQ2ciOAjhPASp0S7diAQkfvdyeAwrC&random=2235863376&rmt_tld=0&ipr=y → pending (?ms, ?B)
[2026-04-01T22:21:42.462Z] GET https://www.google.com.tr/pagead/1p-user-list/17731977471/?random=1775082102386&cv=11&fst=1775080800000&bg=ffffff&guid=ON&async=1&en=gtag.config&gtm=45je63v0v9218448198za200zd9218448198xec&gcd=13l3l3l3l1l1&dma=0&tag_exp=0~115938465~115938468~116991816~118128922~118131809~118328122&u_w=1280&u_h=720&url=http%3A%2F%2Flocalhost%3A8765%2Frevenue-infrastruc-43.html&frm=0&tiba=Tibexa%20Global%20%7C%20B2B%20%C4%B0hracat%20Altyap%C4%B1s%C4%B1&hn=www.googleadservices.com&npa=0&pscdl=noapi&auid=238745303.1775082102&uaa=arm&uab=64&uafvl=Not%253AA-Brand%3B99.0.0.0%7CHeadlessChrome%3B145.0.7632.6%7CChromium%3B145.0.7632.6&uamb=0&uam=&uap=macOS&uapv=14.3.1&uaw=0&data=event%3Dgtag.config&rfmt=3&fmt=3&is_vtc=1&cid=CAQS1gEABaugfbXwv6ABktP5foE9G9XGXRTysnJqht2ytN5CDdCBAvf4yi5iZiq26PaYvUJgBIq0TVDkys6mKgkh-MiUvQBXa6XLt1K37YlegvlImRoM0q1gsjLOMmSyfbWLtz33pSPZ6Vocu-otwTdcyP9TkAW-OUwjrXDz3bDGbyNWttjXMp97ZJuUSBI7souwEfGjfDoYSjUZ11ka0BU7hcS5K1MI6ec7kY-e2KTjCDSXJPWjA8_W_OUEE06KtYPEplTQ2ciOAjhPASp0S7diAQkfvdyeAwrC&random=2235863376&rmt_tld=1&ipr=y → pending (?ms, ?B)
[2026-04-01T22:21:42.551Z] GET https://www.google.com.tr/rmkt/collect/17731977471/?random=1775082102386&cv=11&fst=1775082102386&fmt=8&bg=ffffff&guid=ON&async=1&en=gtag.config&gtm=45je63v0v9218448198za200zd9218448198xec&gcd=13l3l3l3l1l1&dma=0&tag_exp=0~115938465~115938468~116991816~118128922~118131809~118328122&u_w=1280&u_h=720&url=http%3A%2F%2Flocalhost%3A8765%2Frevenue-infrastruc-43.html&frm=0&tiba=Tibexa%20Global%20%7C%20B2B%20%C4%B0hracat%20Altyap%C4%B1s%C4%B1&hn=www.googleadservices.com&npa=0&pscdl=noapi&auid=238745303.1775082102&uaa=arm&uab=64&uafvl=Not%253AA-Brand%3B99.0.0.0%7CHeadlessChrome%3B145.0.7632.6%7CChromium%3B145.0.7632.6&uamb=0&uam=&uap=macOS&uapv=14.3.1&uaw=0&data=event%3Dgtag.config&gcp=5&ipr=y → 200 (?ms, ?B)
[2026-04-01T22:22:38.100Z] GET http://localhost:8765/revenue-infrastruc-43.html → 200 (5ms, 87799B)
[2026-04-01T22:22:38.118Z] POST https://www.google-analytics.com/g/collect?v=2&tid=G-2M6V79H761&gtm=45je63v0v9218448198za200zd9218448198&_p=1775082102008&gcd=13l3l3l3l1l1&npa=0&dma=0&cid=2087169256.1775082102&ul=en-us&sr=1280x720&uaa=arm&uab=64&uafvl=Not%253AA-Brand%3B99.0.0.0%7CHeadlessChrome%3B145.0.7632.6%7CChromium%3B145.0.7632.6&uamb=0&uam=&uap=macOS&uapv=14.3.1&uaw=0&are=1&frm=0&pscdl=noapi&_eu=AAAAAAQ&_s=2&tag_exp=0~115938465~115938468~116991816~118128922~118131809~118328122&sid=1775082102&sct=1&seg=1&dl=http%3A%2F%2Flocalhost%2Frevenue-infrastruc-43.html&dt=Tibexa%20Global%20%7C%20B2B%20%C4%B0hracat%20Altyap%C4%B1s%C4%B1&en=user_engagement&_et=55722&tfd=56338 → pending (?ms, ?B)
[2026-04-01T22:22:38.119Z] GET https://fonts.googleapis.com/css2?family=Red+Hat+Display:wght@400;500;600;700&display=swap → 200 (?ms, 3592B)
[2026-04-01T22:22:38.122Z] GET https://cdn.jsdelivr.net/npm/@fontsource/geist-sans@5.0.1/index.min.css → 200 (?ms, 554B)
[2026-04-01T22:22:38.122Z] GET https://cdn.jsdelivr.net/npm/@fontsource/geist-mono@5.0.1/index.min.css → 200 (1ms, 554B)
[2026-04-01T22:22:38.123Z] GET https://code.iconify.design/iconify-icon/1.0.7/iconify-icon.min.js → 200 (?ms, 22003B)
[2026-04-01T22:22:38.124Z] GET https://unpkg.com/lucide@latest → 302 (52ms, ?B)
[2026-04-01T22:22:38.124Z] GET https://cdn.tailwindcss.com/ → 200 (?ms, 407279B)
[2026-04-01T22:22:38.124Z] GET https://www.googletagmanager.com/gtag/js?id=G-2M6V79H761 → 200 (1ms, 535917B)
[2026-04-01T22:22:38.125Z] GET http://localhost:8765/TibexaLogo/Tibexa%20Global/WhiteLogo.png → 200 (5ms, 90087B)
[2026-04-01T22:22:38.125Z] GET http://localhost:8765/Logo/ar%C4%B1n%C3%A7_clean.png → 200 (?ms, 21324B)
[2026-04-01T22:22:38.125Z] GET http://localhost:8765/Logo/coniwi.png → 200 (?ms, 285709B)
[2026-04-01T22:22:38.125Z] GET http://localhost:8765/Logo/ertanlar_clean.png → 200 (?ms, 58690B)
[2026-04-01T22:22:38.126Z] GET http://localhost:8765/Logo/fema.svg → 200 (?ms, 1935B)
[2026-04-01T22:22:38.126Z] GET http://localhost:8765/Logo/igrek_clean.png → 200 (?ms, 7257B)
[2026-04-01T22:22:38.128Z] GET http://localhost:8765/Logo/naturagen.webp → 200 (?ms, 26906B)
[2026-04-01T22:22:38.128Z] GET http://localhost:8765/Logo/nurgun_clean.png → 200 (?ms, 12031B)
[2026-04-01T22:22:38.128Z] GET http://localhost:8765/Logo/rapidlanyard_clean.png → 200 (1ms, 31222B)
[2026-04-01T22:22:38.129Z] GET http://localhost:8765/Logo/selinclogo1_clean.png → 200 (?ms, 115666B)
[2026-04-01T22:22:38.129Z] GET http://localhost:8765/Logo/profile_salih.png → 200 (?ms, 172636B)
[2026-04-01T22:22:38.130Z] GET https://images.unsplash.com/photo-1573496359142-b8d87734a5a2?q=80&w=1200&auto=format&fit=crop → 200 (?ms, 128279B)
[2026-04-01T22:22:38.177Z] GET https://unpkg.com/lucide@1.7.0/dist/umd/lucide.min.js → 200 (9ms, 397410B)
[2026-04-01T22:22:38.250Z] GET https://cdn.jsdelivr.net/npm/@fontsource/geist-sans@5.0.1/files/geist-sans-latin-400-normal.woff2 → 200 (1ms, ?B)
[2026-04-01T22:22:38.251Z] GET https://cdn.jsdelivr.net/npm/@fontsource/geist-mono@5.0.1/files/geist-mono-latin-400-normal.woff2 → 200 (?ms, ?B)
[2026-04-01T22:22:38.307Z] GET https://googleads.g.doubleclick.net/pagead/viewthroughconversion/17731977471/?random=1775082158297&cv=11&fst=1775082158297&bg=ffffff&guid=ON&async=1&en=gtag.config&gtm=45je63v0v9218448198za200zd9218448198xec&gcd=13l3l3l3l1l1&dma=0&tag_exp=0~115938466~115938468~116991817~118328122&u_w=1280&u_h=720&url=http%3A%2F%2Flocalhost%3A8765%2Frevenue-infrastruc-43.html&frm=0&tiba=Tibexa%20Global%20%7C%20B2B%20%C4%B0hracat%20Altyap%C4%B1s%C4%B1&hn=www.googleadservices.com&npa=0&pscdl=noapi&auid=238745303.1775082102&uaa=arm&uab=64&uafvl=Not%253AA-Brand%3B99.0.0.0%7CHeadlessChrome%3B145.0.7632.6%7CChromium%3B145.0.7632.6&uamb=0&uam=&uap=macOS&uapv=14.3.1&uaw=0&data=event%3Dgtag.config&rfmt=3&fmt=4 → 200 (190ms, 5448B)
[2026-04-01T22:22:38.309Z] POST https://www.google.com/ccm/collect?frm=0&en=page_view&dl=http%3A%2F%2Flocalhost%3A8765%2Frevenue-infrastruc-43.html&scrsrc=www.googletagmanager.com&rnd=1363689984.1775082158&dt=Tibexa%20Global%20%7C%20B2B%20%C4%B0hracat%20Altyap%C4%B1s%C4%B1&auid=238745303.1775082102&navt=r&npa=0&gtm=45je63v0v9218448198za200zd9218448198xec&gcd=13l3l3l3l1l1&dma=0&tag_exp=0~115938466~115938468~116991817~118328122&apve=1&apvf=f&apvc=1&tids=AW-17731977471&tid=AW-17731977471&tft=1775082158302&tfd=203 → 200 (195ms, ?B)
[2026-04-01T22:22:38.497Z] GET https://images.unsplash.com/photo-1573496359142-b8d87734a5a2?q=80&w=1200&auto=format&fit=crop → 200 (?ms, 128279B)
[2026-04-01T22:22:38.521Z] GET https://www.google.com/pagead/1p-user-list/17731977471/?random=1775082158297&cv=11&fst=1775080800000&bg=ffffff&guid=ON&async=1&en=gtag.config&gtm=45je63v0v9218448198za200zd9218448198xec&gcd=13l3l3l3l1l1&dma=0&tag_exp=0~115938466~115938468~116991817~118328122&u_w=1280&u_h=720&url=http%3A%2F%2Flocalhost%3A8765%2Frevenue-infrastruc-43.html&frm=0&tiba=Tibexa%20Global%20%7C%20B2B%20%C4%B0hracat%20Altyap%C4%B1s%C4%B1&hn=www.googleadservices.com&npa=0&pscdl=noapi&auid=238745303.1775082102&uaa=arm&uab=64&uafvl=Not%253AA-Brand%3B99.0.0.0%7CHeadlessChrome%3B145.0.7632.6%7CChromium%3B145.0.7632.6&uamb=0&uam=&uap=macOS&uapv=14.3.1&uaw=0&data=event%3Dgtag.config&rfmt=3&fmt=3&is_vtc=1&cid=CAQS1gEABaugfR1u4nkTaO2NnZJeHPSfdWTUrGP2twkvUeSmJ7QVxKS0-XRZoZt2LmoFi5sMutKXaNs3hOVc7S3Xi_5-oWkxRfGMZoD6NRF_nbq_ZtAXnsomN8hFpH_mJHjZaEv60G7abn564Dxch5sb5aaG9-7o74ffKtYJC3cO1U7obE9sq49gPfDem7ojzmcPvbOrbA71iOToKUGqjAPE83wFDQ9B5ZX0UaSa0TpUQ90MCnBf5ILJ4-xIZEgw-K73JZj7Ioijj8HRhbeJLgidzxbSfBw11YJN&random=3547500684&rmt_tld=0&ipr=y → 200 (56ms, 42B)
[2026-04-01T22:22:38.521Z] GET https://www.google.com.tr/pagead/1p-user-list/17731977471/?random=1775082158297&cv=11&fst=1775080800000&bg=ffffff&guid=ON&async=1&en=gtag.config&gtm=45je63v0v9218448198za200zd9218448198xec&gcd=13l3l3l3l1l1&dma=0&tag_exp=0~115938466~115938468~116991817~118328122&u_w=1280&u_h=720&url=http%3A%2F%2Flocalhost%3A8765%2Frevenue-infrastruc-43.html&frm=0&tiba=Tibexa%20Global%20%7C%20B2B%20%C4%B0hracat%20Altyap%C4%B1s%C4%B1&hn=www.googleadservices.com&npa=0&pscdl=noapi&auid=238745303.1775082102&uaa=arm&uab=64&uafvl=Not%253AA-Brand%3B99.0.0.0%7CHeadlessChrome%3B145.0.7632.6%7CChromium%3B145.0.7632.6&uamb=0&uam=&uap=macOS&uapv=14.3.1&uaw=0&data=event%3Dgtag.config&rfmt=3&fmt=3&is_vtc=1&cid=CAQS1gEABaugfR1u4nkTaO2NnZJeHPSfdWTUrGP2twkvUeSmJ7QVxKS0-XRZoZt2LmoFi5sMutKXaNs3hOVc7S3Xi_5-oWkxRfGMZoD6NRF_nbq_ZtAXnsomN8hFpH_mJHjZaEv60G7abn564Dxch5sb5aaG9-7o74ffKtYJC3cO1U7obE9sq49gPfDem7ojzmcPvbOrbA71iOToKUGqjAPE83wFDQ9B5ZX0UaSa0TpUQ90MCnBf5ILJ4-xIZEgw-K73JZj7Ioijj8HRhbeJLgidzxbSfBw11YJN&random=3547500684&rmt_tld=1&ipr=y → pending (?ms, ?B)
[2026-04-01T22:22:38.542Z] GET https://api.iconify.design/solar.json?icons=quote-left-linear → pending (?ms, ?B)
[2026-04-01T22:22:43.301Z] POST https://www.google-analytics.com/g/collect?v=2&tid=G-2M6V79H761&gtm=45je63v0v9218448198za200zd9218448198&_p=1775082158223&gcd=13l3l3l3l1l1&npa=0&dma=0&cid=2087169256.1775082102&ul=en-us&sr=1280x720&uaa=arm&uab=64&uafvl=Not%253AA-Brand%3B99.0.0.0%7CHeadlessChrome%3B145.0.7632.6%7CChromium%3B145.0.7632.6&uamb=0&uam=&uap=macOS&uapv=14.3.1&uaw=0&are=1&frm=0&pscdl=noapi&_eu=AAAAAAQ&_s=1&tag_exp=0~115938466~115938468~116991817~118328122&sid=1775082102&sct=1&seg=1&dl=http%3A%2F%2Flocalhost%2Frevenue-infrastruc-43.html&dt=Tibexa%20Global%20%7C%20B2B%20%C4%B0hracat%20Altyap%C4%B1s%C4%B1&en=page_view&_ee=1&tfd=5200 → 204 (55ms, ?B)
[2026-04-01T22:23:16.838Z] GET http://localhost:8765/revenue-infrastruc-43.html → 200 (3ms, 87807B)
[2026-04-01T22:23:16.848Z] POST https://www.google-analytics.com/g/collect?v=2&tid=G-2M6V79H761&gtm=45je63v0v9218448198za200zd9218448198&_p=1775082158223&gcd=13l3l3l3l1l1&npa=0&dma=0&cid=2087169256.1775082102&ul=en-us&sr=1280x720&uaa=arm&uab=64&uafvl=Not%253AA-Brand%3B99.0.0.0%7CHeadlessChrome%3B145.0.7632.6%7CChromium%3B145.0.7632.6&uamb=0&uam=&uap=macOS&uapv=14.3.1&uaw=0&are=1&frm=0&pscdl=noapi&_eu=AAAAAAQ&_s=2&tag_exp=0~115938466~115938468~116991817~118328122&sid=1775082102&sct=1&seg=1&dl=http%3A%2F%2Flocalhost%2Frevenue-infrastruc-43.html&dt=Tibexa%20Global%20%7C%20B2B%20%C4%B0hracat%20Altyap%C4%B1s%C4%B1&en=user_engagement&_et=38544&tfd=38697 → pending (?ms, ?B)
[2026-04-01T22:23:16.855Z] GET https://fonts.googleapis.com/css2?family=Red+Hat+Display:wght@400;500;600;700&display=swap → 200 (?ms, 3592B)
[2026-04-01T22:23:16.856Z] GET https://cdn.jsdelivr.net/npm/@fontsource/geist-sans@5.0.1/index.min.css → 200 (1ms, 554B)
[2026-04-01T22:23:16.857Z] GET https://cdn.jsdelivr.net/npm/@fontsource/geist-mono@5.0.1/index.min.css → 200 (?ms, 554B)
[2026-04-01T22:23:16.858Z] GET https://code.iconify.design/iconify-icon/1.0.7/iconify-icon.min.js → 200 (?ms, 22003B)
[2026-04-01T22:23:16.858Z] GET https://unpkg.com/lucide@latest → 200 (?ms, 397410B)
[2026-04-01T22:23:16.861Z] GET https://cdn.tailwindcss.com/ → 200 (?ms, 407279B)
[2026-04-01T22:23:16.861Z] GET https://www.googletagmanager.com/gtag/js?id=G-2M6V79H761 → 200 (?ms, 535917B)
[2026-04-01T22:23:16.862Z] GET http://localhost:8765/TibexaLogo/Tibexa%20Global/WhiteLogo_cropped.png → 200 (50ms, 54027B)
[2026-04-01T22:23:16.862Z] GET http://localhost:8765/Logo/ar%C4%B1n%C3%A7_clean.png → 200 (?ms, 21324B)
[2026-04-01T22:23:16.862Z] GET http://localhost:8765/Logo/coniwi.png → 200 (?ms, 285709B)
[2026-04-01T22:23:16.862Z] GET http://localhost:8765/Logo/ertanlar_clean.png → 200 (1ms, 58690B)
[2026-04-01T22:23:16.863Z] GET http://localhost:8765/Logo/fema.svg → 200 (?ms, 1935B)
[2026-04-01T22:23:16.863Z] GET http://localhost:8765/Logo/igrek_clean.png → 200 (?ms, 7257B)
[2026-04-01T22:23:16.864Z] GET http://localhost:8765/Logo/naturagen.webp → 200 (?ms, 26906B)
[2026-04-01T22:23:16.864Z] GET http://localhost:8765/Logo/nurgun_clean.png → 200 (?ms, 12031B)
[2026-04-01T22:23:16.864Z] GET http://localhost:8765/Logo/rapidlanyard_clean.png → 200 (?ms, 31222B)
[2026-04-01T22:23:16.865Z] GET http://localhost:8765/Logo/selinclogo1_clean.png → 200 (?ms, 115666B)
[2026-04-01T22:23:16.865Z] GET http://localhost:8765/Logo/profile_salih.png → 200 (?ms, 172636B)
[2026-04-01T22:23:16.865Z] GET https://images.unsplash.com/photo-1573496359142-b8d87734a5a2?q=80&w=1200&auto=format&fit=crop → 200 (?ms, 128279B)
[2026-04-01T22:23:16.865Z] GET http://localhost:8765/TibexaLogo/Tibexa%20Global/WhiteLogo.png → 200 (?ms, 90087B)
[2026-04-01T22:23:16.954Z] GET https://cdn.jsdelivr.net/npm/@fontsource/geist-sans@5.0.1/files/geist-sans-latin-400-normal.woff2 → 200 (?ms, ?B)
[2026-04-01T22:23:16.954Z] GET https://cdn.jsdelivr.net/npm/@fontsource/geist-mono@5.0.1/files/geist-mono-latin-400-normal.woff2 → 200 (?ms, ?B)
[2026-04-01T22:23:16.969Z] GET https://googleads.g.doubleclick.net/pagead/viewthroughconversion/17731977471/?random=1775082196961&cv=11&fst=1775082196961&bg=ffffff&guid=ON&async=1&en=gtag.config&gtm=45je63v0v9218448198za200zd9218448198xec&gcd=13l3l3l3l1l1&dma=0&tag_exp=0~115616986~115938465~115938468~116991816~117884344~118328143&u_w=1280&u_h=720&url=http%3A%2F%2Flocalhost%3A8765%2Frevenue-infrastruc-43.html&frm=0&tiba=Tibexa%20Global%20%7C%20B2B%20%C4%B0hracat%20Altyap%C4%B1s%C4%B1&hn=www.googleadservices.com&npa=0&pscdl=noapi&auid=238745303.1775082102&uaa=arm&uab=64&uafvl=Not%253AA-Brand%3B99.0.0.0%7CHeadlessChrome%3B145.0.7632.6%7CChromium%3B145.0.7632.6&uamb=0&uam=&uap=macOS&uapv=14.3.1&uaw=0&data=event%3Dgtag.config&rfmt=3&fmt=4 → 200 (128ms, 5488B)
[2026-04-01T22:23:16.969Z] POST https://www.google.com/rmkt/collect/17731977471/?random=1775082196961&cv=11&fst=1775082196961&fmt=8&bg=ffffff&guid=ON&async=1&en=gtag.config&gtm=45je63v0v9218448198za200zd9218448198xec&gcd=13l3l3l3l1l1&dma=0&tag_exp=0~115616986~115938465~115938468~116991816~117884344~118328143&u_w=1280&u_h=720&url=http%3A%2F%2Flocalhost%3A8765%2Frevenue-infrastruc-43.html&frm=0&tiba=Tibexa%20Global%20%7C%20B2B%20%C4%B0hracat%20Altyap%C4%B1s%C4%B1&hn=www.googleadservices.com&npa=0&pscdl=noapi&auid=238745303.1775082102&uaa=arm&uab=64&uafvl=Not%253AA-Brand%3B99.0.0.0%7CHeadlessChrome%3B145.0.7632.6%7CChromium%3B145.0.7632.6&uamb=0&uam=&uap=macOS&uapv=14.3.1&uaw=0&data=event%3Dgtag.config&gcp=5 → 302 (213ms, ?B)
[2026-04-01T22:23:16.969Z] POST https://www.google.com/ccm/collect?frm=0&en=page_view&dl=http%3A%2F%2Flocalhost%3A8765%2Frevenue-infrastruc-43.html&scrsrc=www.googletagmanager.com&rnd=1889675689.1775082197&dt=Tibexa%20Global%20%7C%20B2B%20%C4%B0hracat%20Altyap%C4%B1s%C4%B1&auid=238745303.1775082102&navt=r&npa=0&gtm=45je63v0v9218448198za200zd9218448198xec&gcd=13l3l3l3l1l1&dma=0&tag_exp=0~115616986~115938465~115938468~116991816~117884344~118328143&apve=1&apvf=f&apvc=1&tids=AW-17731977471&tid=AW-17731977471&tft=1775082196965&tfd=128 → 200 (139ms, ?B)
[2026-04-01T22:23:17.178Z] GET https://www.google.com/pagead/1p-user-list/17731977471/?random=1775082196961&cv=11&fst=1775080800000&bg=ffffff&guid=ON&async=1&en=gtag.config&gtm=45je63v0v9218448198za200zd9218448198xec&gcd=13l3l3l3l1l1&dma=0&tag_exp=0~115616986~115938465~115938468~116991816~117884344~118328143&u_w=1280&u_h=720&url=http%3A%2F%2Flocalhost%3A8765%2Frevenue-infrastruc-43.html&frm=0&tiba=Tibexa%20Global%20%7C%20B2B%20%C4%B0hracat%20Altyap%C4%B1s%C4%B1&hn=www.googleadservices.com&npa=0&pscdl=noapi&auid=238745303.1775082102&uaa=arm&uab=64&uafvl=Not%253AA-Brand%3B99.0.0.0%7CHeadlessChrome%3B145.0.7632.6%7CChromium%3B145.0.7632.6&uamb=0&uam=&uap=macOS&uapv=14.3.1&uaw=0&data=event%3Dgtag.config&rfmt=3&fmt=3&is_vtc=1&cid=CAQS1gEABaugfbeEDn66Uw4V0H2Nehlp1ZGQCQS5lXTOwqxVUAOTvgxp82qB24LtXnwQ9jpc5p5HUbEEsfG_NlYudir_rJsJfPLN0e3ufteuTVyyUHO_asZe8WNm_eglzlJ2bVfYzpxccrvtxwaW5t9NFi0lJgbtDXTcXvYqdtlBs0i9x5RcP5OHO0fWS7TZnxPUdzpqLCRog_D7La7O4tayW0d1lSl5W6JfQniN1XIO734SeYiKuHbZQm6lSas87iiarHUmtcOSZakScIn0I68k9pHa3cCMKuew&random=1975163060&rmt_tld=0&ipr=y → 200 (59ms, 42B)
[2026-04-01T22:23:17.178Z] GET https://www.google.com.tr/pagead/1p-user-list/17731977471/?random=1775082196961&cv=11&fst=1775080800000&bg=ffffff&guid=ON&async=1&en=gtag.config&gtm=45je63v0v9218448198za200zd9218448198xec&gcd=13l3l3l3l1l1&dma=0&tag_exp=0~115616986~115938465~115938468~116991816~117884344~118328143&u_w=1280&u_h=720&url=http%3A%2F%2Flocalhost%3A8765%2Frevenue-infrastruc-43.html&frm=0&tiba=Tibexa%20Global%20%7C%20B2B%20%C4%B0hracat%20Altyap%C4%B1s%C4%B1&hn=www.googleadservices.com&npa=0&pscdl=noapi&auid=238745303.1775082102&uaa=arm&uab=64&uafvl=Not%253AA-Brand%3B99.0.0.0%7CHeadlessChrome%3B145.0.7632.6%7CChromium%3B145.0.7632.6&uamb=0&uam=&uap=macOS&uapv=14.3.1&uaw=0&data=event%3Dgtag.config&rfmt=3&fmt=3&is_vtc=1&cid=CAQS1gEABaugfbeEDn66Uw4V0H2Nehlp1ZGQCQS5lXTOwqxVUAOTvgxp82qB24LtXnwQ9jpc5p5HUbEEsfG_NlYudir_rJsJfPLN0e3ufteuTVyyUHO_asZe8WNm_eglzlJ2bVfYzpxccrvtxwaW5t9NFi0lJgbtDXTcXvYqdtlBs0i9x5RcP5OHO0fWS7TZnxPUdzpqLCRog_D7La7O4tayW0d1lSl5W6JfQniN1XIO734SeYiKuHbZQm6lSas87iiarHUmtcOSZakScIn0I68k9pHa3cCMKuew&random=1975163060&rmt_tld=1&ipr=y → 200 (60ms, 42B)
[2026-04-01T22:23:17.182Z] GET https://www.google.com.tr/rmkt/collect/17731977471/?random=1775082196961&cv=11&fst=1775082196961&fmt=8&bg=ffffff&guid=ON&async=1&en=gtag.config&gtm=45je63v0v9218448198za200zd9218448198xec&gcd=13l3l3l3l1l1&dma=0&tag_exp=0~115616986~115938465~115938468~116991816~117884344~118328143&u_w=1280&u_h=720&url=http%3A%2F%2Flocalhost%3A8765%2Frevenue-infrastruc-43.html&frm=0&tiba=Tibexa%20Global%20%7C%20B2B%20%C4%B0hracat%20Altyap%C4%B1s%C4%B1&hn=www.googleadservices.com&npa=0&pscdl=noapi&auid=238745303.1775082102&uaa=arm&uab=64&uafvl=Not%253AA-Brand%3B99.0.0.0%7CHeadlessChrome%3B145.0.7632.6%7CChromium%3B145.0.7632.6&uamb=0&uam=&uap=macOS&uapv=14.3.1&uaw=0&data=event%3Dgtag.config&gcp=5&ipr=y → 200 (13ms, ?B)
[2026-04-01T22:23:17.197Z] GET https://api.iconify.design/solar.json?icons=quote-left-linear → 200 (1ms, 125B)
[2026-04-01T22:23:22.003Z] POST https://www.google-analytics.com/g/collect?v=2&tid=G-2M6V79H761&gtm=45je63v0v9218448198za200zd9218448198&_p=1775082196883&gcd=13l3l3l3l1l1&npa=0&dma=0&cid=2087169256.1775082102&ul=en-us&sr=1280x720&uaa=arm&uab=64&uafvl=Not%253AA-Brand%3B99.0.0.0%7CHeadlessChrome%3B145.0.7632.6%7CChromium%3B145.0.7632.6&uamb=0&uam=&uap=macOS&uapv=14.3.1&uaw=0&are=1&frm=0&pscdl=noapi&_eu=AAAAAAQ&_s=1&tag_exp=0~115616986~115938465~115938468~116991816~117884344~118328143&sid=1775082102&sct=1&seg=1&dl=http%3A%2F%2Flocalhost%2Frevenue-infrastruc-43.html&dt=Tibexa%20Global%20%7C%20B2B%20%C4%B0hracat%20Altyap%C4%B1s%C4%B1&en=page_view&_ee=1&tfd=5125 → 204 (32ms, ?B)
[2026-04-01T22:27:56.773Z] GET http://localhost:8765/revenue-infrastruc-43.html → 200 (4ms, 87892B)
[2026-04-01T22:27:56.789Z] POST https://www.google-analytics.com/g/collect?v=2&tid=G-2M6V79H761&gtm=45je63v0v9218448198za200zd9218448198&_p=1775082196883&gcd=13l3l3l3l1l1&npa=0&dma=0&cid=2087169256.1775082102&ul=en-us&sr=1280x720&uaa=arm&uab=64&uafvl=Not%253AA-Brand%3B99.0.0.0%7CHeadlessChrome%3B145.0.7632.6%7CChromium%3B145.0.7632.6&uamb=0&uam=&uap=macOS&uapv=14.3.1&uaw=0&are=1&frm=0&pscdl=noapi&_eu=AAAAAAQ&_s=2&tag_exp=0~115616986~115938465~115938468~116991816~117884344~118328143&sid=1775082102&sct=1&seg=1&dl=http%3A%2F%2Flocalhost%2Frevenue-infrastruc-43.html&dt=Tibexa%20Global%20%7C%20B2B%20%C4%B0hracat%20Altyap%C4%B1s%C4%B1&en=user_engagement&_et=279817&tfd=279949 → pending (?ms, ?B)
[2026-04-01T22:27:56.791Z] GET https://fonts.googleapis.com/css2?family=Red+Hat+Display:wght@400;500;600;700&display=swap → 200 (?ms, 3592B)
[2026-04-01T22:27:56.791Z] GET https://cdn.jsdelivr.net/npm/@fontsource/geist-sans@5.0.1/index.min.css → 200 (?ms, 554B)
[2026-04-01T22:27:56.791Z] GET https://cdn.jsdelivr.net/npm/@fontsource/geist-mono@5.0.1/index.min.css → 200 (1ms, 554B)
[2026-04-01T22:27:56.792Z] GET https://code.iconify.design/iconify-icon/1.0.7/iconify-icon.min.js → 200 (?ms, 22003B)
[2026-04-01T22:27:56.792Z] GET https://unpkg.com/lucide@latest → 302 (49ms, ?B)
[2026-04-01T22:27:56.792Z] GET https://cdn.tailwindcss.com/ → 200 (?ms, 407279B)
[2026-04-01T22:27:56.792Z] GET https://www.googletagmanager.com/gtag/js?id=G-2M6V79H761 → 200 (?ms, 535917B)
[2026-04-01T22:27:56.793Z] GET http://localhost:8765/TibexaLogo/Tibexa%20Global/WhiteLogo_cropped.png → 304 (5ms, ?B)
[2026-04-01T22:27:56.793Z] GET http://localhost:8765/Logo/ar%C4%B1n%C3%A7_clean.png → 200 (?ms, 21324B)
[2026-04-01T22:27:56.793Z] GET http://localhost:8765/Logo/coniwi.png → 200 (?ms, 285709B)
[2026-04-01T22:27:56.793Z] GET http://localhost:8765/Logo/ertanlar_clean.png → 200 (1ms, 58690B)
[2026-04-01T22:27:56.794Z] GET http://localhost:8765/Logo/fema.svg → 200 (?ms, 1935B)
[2026-04-01T22:27:56.794Z] GET http://localhost:8765/Logo/igrek_clean.png → 200 (?ms, 7257B)
[2026-04-01T22:27:56.794Z] GET http://localhost:8765/Logo/naturagen.webp → 200 (?ms, 26906B)
[2026-04-01T22:27:56.794Z] GET http://localhost:8765/Logo/nurgun_clean.png → 200 (?ms, 12031B)
[2026-04-01T22:27:56.795Z] GET http://localhost:8765/Logo/rapidlanyard_clean.png → 200 (?ms, 31222B)
[2026-04-01T22:27:56.795Z] GET http://localhost:8765/Logo/selinclogo1_clean.png → 200 (?ms, 115666B)
[2026-04-01T22:27:56.795Z] GET http://localhost:8765/Logo/profile_salih.png → 200 (?ms, 172636B)
[2026-04-01T22:27:56.795Z] GET https://images.unsplash.com/photo-1573496359142-b8d87734a5a2?q=80&w=1200&auto=format&fit=crop → 200 (3ms, 128279B)
[2026-04-01T22:27:56.798Z] GET http://localhost:8765/TibexaLogo/Tibexa%20Global/WhiteLogo.png → 304 (7ms, ?B)
[2026-04-01T22:27:56.841Z] GET https://unpkg.com/lucide@1.7.0/dist/umd/lucide.min.js → 200 (6ms, 397410B)
[2026-04-01T22:27:56.899Z] GET https://cdn.jsdelivr.net/npm/@fontsource/geist-sans@5.0.1/files/geist-sans-latin-400-normal.woff2 → 200 (?ms, ?B)
[2026-04-01T22:27:56.899Z] GET https://cdn.jsdelivr.net/npm/@fontsource/geist-mono@5.0.1/files/geist-mono-latin-400-normal.woff2 → 200 (?ms, ?B)
[2026-04-01T22:27:56.943Z] GET https://googleads.g.doubleclick.net/pagead/viewthroughconversion/17731977471/?random=1775082476935&cv=11&fst=1775082476935&bg=ffffff&guid=ON&async=1&en=gtag.config&gtm=45je63v0v9218448198za200zd9218448198xec&gcd=13l3l3l3l1l1&dma=0&tag_exp=0~115938465~115938468~116991817~118328121&u_w=1280&u_h=720&url=http%3A%2F%2Flocalhost%3A8765%2Frevenue-infrastruc-43.html&frm=0&tiba=Tibexa%20Global%20%7C%20B2B%20%C4%B0hracat%20Altyap%C4%B1s%C4%B1&hn=www.googleadservices.com&npa=0&pscdl=noapi&auid=238745303.1775082102&uaa=arm&uab=64&uafvl=Not%253AA-Brand%3B99.0.0.0%7CHeadlessChrome%3B145.0.7632.6%7CChromium%3B145.0.7632.6&uamb=0&uam=&uap=macOS&uapv=14.3.1&uaw=0&data=event%3Dgtag.config&rfmt=3&fmt=4 → pending (?ms, ?B)
[2026-04-01T22:27:56.943Z] POST https://www.google.com/ccm/collect?frm=0&en=page_view&dl=http%3A%2F%2Flocalhost%3A8765%2Frevenue-infrastruc-43.html&scrsrc=www.googletagmanager.com&rnd=609486214.1775082477&dt=Tibexa%20Global%20%7C%20B2B%20%C4%B0hracat%20Altyap%C4%B1s%C4%B1&auid=238745303.1775082102&navt=r&npa=0&gtm=45je63v0v9218448198za200zd9218448198xec&gcd=13l3l3l3l1l1&dma=0&tag_exp=0~115938465~115938468~116991817~118328121&apve=1&apvf=f&apvc=1&tids=AW-17731977471&tid=AW-17731977471&tft=1775082476942&tfd=171 → pending (?ms, ?B)
[2026-04-01T22:27:57.132Z] GET https://www.google.com/pagead/1p-user-list/17731977471/?random=1775082476935&cv=11&fst=1775080800000&bg=ffffff&guid=ON&async=1&en=gtag.config&gtm=45je63v0v9218448198za200zd9218448198xec&gcd=13l3l3l3l1l1&dma=0&tag_exp=0~115938465~115938468~116991817~118328121&u_w=1280&u_h=720&url=http%3A%2F%2Flocalhost%3A8765%2Frevenue-infrastruc-43.html&frm=0&tiba=Tibexa%20Global%20%7C%20B2B%20%C4%B0hracat%20Altyap%C4%B1s%C4%B1&hn=www.googleadservices.com&npa=0&pscdl=noapi&auid=238745303.1775082102&uaa=arm&uab=64&uafvl=Not%253AA-Brand%3B99.0.0.0%7CHeadlessChrome%3B145.0.7632.6%7CChromium%3B145.0.7632.6&uamb=0&uam=&uap=macOS&uapv=14.3.1&uaw=0&data=event%3Dgtag.config&rfmt=3&fmt=3&is_vtc=1&cid=CAQS1gEABaugfe0R9eabe03v-y-s872KL78wJKiPvU9Zj1H5_LxD_2u8opvaeM0SKKrgr_eCK3qACKT7PnePtdKqDyGTIVAg50TWUj0FiKvY_koLUqQ-zNf9T6l-ZpG0GI_WTpNjFgednx8zLEUWXifh-61ZnwK82DdVoOR1GcVlpq1BF4F0Dah_b8vCYwKrn7aw9UbBVQ0QSJVk5V-Xeo_D6X0aOi74N-HDow_l1TO_YcFUcA3Ftp1WWrsfpERyd1orLxJ0W3ALBKnuDEqa19lw2Xyd1ntOnQGP&random=3141107450&rmt_tld=0&ipr=y → 200 (57ms, 42B)
[2026-04-01T22:27:57.132Z] GET https://www.google.com.tr/pagead/1p-user-list/17731977471/?random=1775082476935&cv=11&fst=1775080800000&bg=ffffff&guid=ON&async=1&en=gtag.config&gtm=45je63v0v9218448198za200zd9218448198xec&gcd=13l3l3l3l1l1&dma=0&tag_exp=0~115938465~115938468~116991817~118328121&u_w=1280&u_h=720&url=http%3A%2F%2Flocalhost%3A8765%2Frevenue-infrastruc-43.html&frm=0&tiba=Tibexa%20Global%20%7C%20B2B%20%C4%B0hracat%20Altyap%C4%B1s%C4%B1&hn=www.googleadservices.com&npa=0&pscdl=noapi&auid=238745303.1775082102&uaa=arm&uab=64&uafvl=Not%253AA-Brand%3B99.0.0.0%7CHeadlessChrome%3B145.0.7632.6%7CChromium%3B145.0.7632.6&uamb=0&uam=&uap=macOS&uapv=14.3.1&uaw=0&data=event%3Dgtag.config&rfmt=3&fmt=3&is_vtc=1&cid=CAQS1gEABaugfe0R9eabe03v-y-s872KL78wJKiPvU9Zj1H5_LxD_2u8opvaeM0SKKrgr_eCK3qACKT7PnePtdKqDyGTIVAg50TWUj0FiKvY_koLUqQ-zNf9T6l-ZpG0GI_WTpNjFgednx8zLEUWXifh-61ZnwK82DdVoOR1GcVlpq1BF4F0Dah_b8vCYwKrn7aw9UbBVQ0QSJVk5V-Xeo_D6X0aOi74N-HDow_l1TO_YcFUcA3Ftp1WWrsfpERyd1orLxJ0W3ALBKnuDEqa19lw2Xyd1ntOnQGP&random=3141107450&rmt_tld=1&ipr=y → 200 (113ms, 42B)
[2026-04-01T22:27:57.172Z] GET https://api.iconify.design/solar.json?icons=quote-left-linear → 200 (1ms, 125B)
[2026-04-01T22:28:01.938Z] POST https://www.google-analytics.com/g/collect?v=2&tid=G-2M6V79H761&gtm=45je63v0v9218448198za200zd9218448198&_p=1775082476859&gcd=13l3l3l3l1l1&npa=0&dma=0&cid=2087169256.1775082102&ul=en-us&sr=1280x720&uaa=arm&uab=64&uafvl=Not%253AA-Brand%3B99.0.0.0%7CHeadlessChrome%3B145.0.7632.6%7CChromium%3B145.0.7632.6&uamb=0&uam=&uap=macOS&uapv=14.3.1&uaw=0&are=1&frm=0&pscdl=noapi&_eu=AAAAAAQ&_s=1&tag_exp=0~115938465~115938468~116991817~118328121&sid=1775082102&sct=1&seg=1&dl=http%3A%2F%2Flocalhost%2Frevenue-infrastruc-43.html&dt=Tibexa%20Global%20%7C%20B2B%20%C4%B0hracat%20Altyap%C4%B1s%C4%B1&en=page_view&_ee=1&tfd=5165 → pending (?ms, ?B)
[2026-04-01T22:31:20.081Z] GET http://localhost:8765/revenue-infrastruc-43.html → 200 (3ms, 91052B)
[2026-04-01T22:31:20.092Z] POST https://www.google-analytics.com/g/collect?v=2&tid=G-2M6V79H761&gtm=45je63v0v9218448198za200zd9218448198&_p=1775082476859&gcd=13l3l3l3l1l1&npa=0&dma=0&cid=2087169256.1775082102&ul=en-us&sr=1280x720&uaa=arm&uab=64&uafvl=Not%253AA-Brand%3B99.0.0.0%7CHeadlessChrome%3B145.0.7632.6%7CChromium%3B145.0.7632.6&uamb=0&uam=&uap=macOS&uapv=14.3.1&uaw=0&are=1&frm=0&pscdl=noapi&_eu=AAAAAAQ&_s=2&tag_exp=0~115938465~115938468~116991817~118328121&sid=1775082102&sct=1&seg=1&dl=http%3A%2F%2Flocalhost%2Frevenue-infrastruc-43.html&dt=Tibexa%20Global%20%7C%20B2B%20%C4%B0hracat%20Altyap%C4%B1s%C4%B1&en=user_engagement&_et=203150&tfd=203322 → pending (?ms, ?B)
[2026-04-01T22:31:20.097Z] GET https://fonts.googleapis.com/css2?family=Red+Hat+Display:wght@400;500;600;700&display=swap → 200 (?ms, 3592B)
[2026-04-01T22:31:20.097Z] GET https://cdn.jsdelivr.net/npm/@fontsource/geist-sans@5.0.1/index.min.css → 200 (1ms, 554B)
[2026-04-01T22:31:20.098Z] GET https://cdn.jsdelivr.net/npm/@fontsource/geist-mono@5.0.1/index.min.css → 200 (?ms, 554B)
[2026-04-01T22:31:20.098Z] GET https://code.iconify.design/iconify-icon/1.0.7/iconify-icon.min.js → 200 (1ms, 22003B)
[2026-04-01T22:31:20.099Z] GET https://unpkg.com/lucide@latest → 302 (57ms, ?B)
[2026-04-01T22:31:20.099Z] GET https://cdn.tailwindcss.com/ → 200 (?ms, 407279B)
[2026-04-01T22:31:20.100Z] GET https://www.googletagmanager.com/gtag/js?id=G-2M6V79H761 → 200 (?ms, 535917B)
[2026-04-01T22:31:20.101Z] GET http://localhost:8765/TibexaLogo/Tibexa%20Global/WhiteLogo_cropped.png → 304 (4ms, ?B)
[2026-04-01T22:31:20.101Z] GET http://localhost:8765/Logo/ar%C4%B1n%C3%A7_clean.png → 200 (?ms, 21324B)
[2026-04-01T22:31:20.101Z] GET http://localhost:8765/Logo/coniwi.png → 200 (1ms, 285709B)
[2026-04-01T22:31:20.102Z] GET http://localhost:8765/Logo/ertanlar_clean.png → 200 (?ms, 58690B)
[2026-04-01T22:31:20.102Z] GET http://localhost:8765/Logo/fema.svg → 200 (?ms, 1935B)
[2026-04-01T22:31:20.102Z] GET http://localhost:8765/Logo/igrek_clean.png → 200 (?ms, 7257B)
[2026-04-01T22:31:20.103Z] GET http://localhost:8765/Logo/naturagen.webp → 200 (?ms, 26906B)
[2026-04-01T22:31:20.103Z] GET http://localhost:8765/Logo/nurgun_clean.png → 200 (?ms, 12031B)
[2026-04-01T22:31:20.103Z] GET http://localhost:8765/Logo/rapidlanyard_clean.png → 200 (?ms, 31222B)
[2026-04-01T22:31:20.103Z] GET http://localhost:8765/Logo/selinclogo1_clean.png → 200 (1ms, 115666B)
[2026-04-01T22:31:20.105Z] GET http://localhost:8765/Logo/profile_salih.png → 304 (?ms, ?B)
[2026-04-01T22:31:20.105Z] GET https://images.unsplash.com/photo-1573496359142-b8d87734a5a2?q=80&w=1200&auto=format&fit=crop → 200 (?ms, 128279B)
[2026-04-01T22:31:20.105Z] GET http://localhost:8765/TibexaLogo/Tibexa%20Global/WhiteLogo.png → 304 (?ms, ?B)
[2026-04-01T22:31:20.156Z] GET https://unpkg.com/lucide@1.7.0/dist/umd/lucide.min.js → 200 (16ms, 397410B)
[2026-04-01T22:31:20.239Z] GET https://cdn.jsdelivr.net/npm/@fontsource/geist-sans@5.0.1/files/geist-sans-latin-400-normal.woff2 → 200 (?ms, ?B)
[2026-04-01T22:31:20.239Z] GET https://cdn.jsdelivr.net/npm/@fontsource/geist-mono@5.0.1/files/geist-mono-latin-400-normal.woff2 → 200 (?ms, ?B)
[2026-04-01T22:31:20.279Z] GET https://googleads.g.doubleclick.net/pagead/viewthroughconversion/17731977471/?random=1775082680271&cv=11&fst=1775082680271&bg=ffffff&guid=ON&async=1&en=gtag.config&gtm=45je63v0v9218448198za200zd9218448198xec&gcd=13l3l3l3l1l1&dma=0&tag_exp=0~115616986~115938466~115938468~116133312~116991816~117266402~117384406~118328122&u_w=1280&u_h=720&url=http%3A%2F%2Flocalhost%3A8765%2Frevenue-infrastruc-43.html&frm=0&tiba=Tibexa%20Global%20%7C%20B2B%20%C4%B0hracat%20Altyap%C4%B1s%C4%B1&hn=www.googleadservices.com&npa=0&pscdl=noapi&auid=238745303.1775082102&uaa=arm&uab=64&uafvl=Not%253AA-Brand%3B99.0.0.0%7CHeadlessChrome%3B145.0.7632.6%7CChromium%3B145.0.7632.6&uamb=0&uam=&uap=macOS&uapv=14.3.1&uaw=0&data=event%3Dgtag.config&rfmt=3&fmt=4 → 200 (123ms, 5528B)
[2026-04-01T22:31:20.280Z] POST https://www.google.com/rmkt/collect/17731977471/?random=1775082680271&cv=11&fst=1775082680271&fmt=8&bg=ffffff&guid=ON&async=1&en=gtag.config&gtm=45je63v0v9218448198za200zd9218448198xec&gcd=13l3l3l3l1l1&dma=0&tag_exp=0~115616986~115938466~115938468~116133312~116991816~117266402~117384406~118328122&u_w=1280&u_h=720&url=http%3A%2F%2Flocalhost%3A8765%2Frevenue-infrastruc-43.html&frm=0&tiba=Tibexa%20Global%20%7C%20B2B%20%C4%B0hracat%20Altyap%C4%B1s%C4%B1&hn=www.googleadservices.com&npa=0&pscdl=noapi&auid=238745303.1775082102&uaa=arm&uab=64&uafvl=Not%253AA-Brand%3B99.0.0.0%7CHeadlessChrome%3B145.0.7632.6%7CChromium%3B145.0.7632.6&uamb=0&uam=&uap=macOS&uapv=14.3.1&uaw=0&data=event%3Dgtag.config&gcp=5 → 302 (236ms, ?B)
[2026-04-01T22:31:20.280Z] POST https://www.google.com/ccm/collect?frm=0&en=page_view&dl=http%3A%2F%2Flocalhost%3A8765%2Frevenue-infrastruc-43.html&scrsrc=www.googletagmanager.com&rnd=45834018.1775082680&dt=Tibexa%20Global%20%7C%20B2B%20%C4%B0hracat%20Altyap%C4%B1s%C4%B1&auid=238745303.1775082102&navt=r&npa=0&gtm=45je63v0v9218448198za200zd9218448198xec&gcd=13l3l3l3l1l1&dma=0&tag_exp=0~115616986~115938466~115938468~116133312~116991816~117266402~117384406~118328122&apve=1&apvf=f&apvc=1&tids=AW-17731977471&tid=AW-17731977471&tft=1775082680277&tfd=198 → 200 (121ms, ?B)
[2026-04-01T22:31:20.427Z] GET https://www.google.com/pagead/1p-user-list/17731977471/?random=1775082680271&cv=11&fst=1775080800000&bg=ffffff&guid=ON&async=1&en=gtag.config&gtm=45je63v0v9218448198za200zd9218448198xec&gcd=13l3l3l3l1l1&dma=0&tag_exp=0~115616986~115938466~115938468~116133312~116991816~117266402~117384406~118328122&u_w=1280&u_h=720&url=http%3A%2F%2Flocalhost%3A8765%2Frevenue-infrastruc-43.html&frm=0&tiba=Tibexa%20Global%20%7C%20B2B%20%C4%B0hracat%20Altyap%C4%B1s%C4%B1&hn=www.googleadservices.com&npa=0&pscdl=noapi&auid=238745303.1775082102&uaa=arm&uab=64&uafvl=Not%253AA-Brand%3B99.0.0.0%7CHeadlessChrome%3B145.0.7632.6%7CChromium%3B145.0.7632.6&uamb=0&uam=&uap=macOS&uapv=14.3.1&uaw=0&data=event%3Dgtag.config&rfmt=3&fmt=3&is_vtc=1&cid=CAQS1gEABaugfbmXBvzs-9kUc1szBPeJBdrRX0GP1XVY_7cAPylc_6yDOYhps_TB5OIsvaiiIXIMn9VQQ_WHYZBJlxyOJWBJ9H1CgCkzaK6cwYy_SDXQ8z3IR4DCbS47LgdreThybShAIBzSZjhjS-xxDqCr7RHgCeq5Y-B7i2zfefsG5mcZpvHF7DRCiz41qeT_16wj_tW-9g4utV6VuytK9XQozPMK33emr85Ywix-0NWuMYBuUyNsoXECbiagoDhk-gE-cvSfEdcfqI7v9A_Z9FkDfAP_lGFY&random=3504070886&rmt_tld=0&ipr=y → 200 (81ms, 42B)
[2026-04-01T22:31:20.427Z] GET https://www.google.com.tr/pagead/1p-user-list/17731977471/?random=1775082680271&cv=11&fst=1775080800000&bg=ffffff&guid=ON&async=1&en=gtag.config&gtm=45je63v0v9218448198za200zd9218448198xec&gcd=13l3l3l3l1l1&dma=0&tag_exp=0~115616986~115938466~115938468~116133312~116991816~117266402~117384406~118328122&u_w=1280&u_h=720&url=http%3A%2F%2Flocalhost%3A8765%2Frevenue-infrastruc-43.html&frm=0&tiba=Tibexa%20Global%20%7C%20B2B%20%C4%B0hracat%20Altyap%C4%B1s%C4%B1&hn=www.googleadservices.com&npa=0&pscdl=noapi&auid=238745303.1775082102&uaa=arm&uab=64&uafvl=Not%253AA-Brand%3B99.0.0.0%7CHeadlessChrome%3B145.0.7632.6%7CChromium%3B145.0.7632.6&uamb=0&uam=&uap=macOS&uapv=14.3.1&uaw=0&data=event%3Dgtag.config&rfmt=3&fmt=3&is_vtc=1&cid=CAQS1gEABaugfbmXBvzs-9kUc1szBPeJBdrRX0GP1XVY_7cAPylc_6yDOYhps_TB5OIsvaiiIXIMn9VQQ_WHYZBJlxyOJWBJ9H1CgCkzaK6cwYy_SDXQ8z3IR4DCbS47LgdreThybShAIBzSZjhjS-xxDqCr7RHgCeq5Y-B7i2zfefsG5mcZpvHF7DRCiz41qeT_16wj_tW-9g4utV6VuytK9XQozPMK33emr85Ywix-0NWuMYBuUyNsoXECbiagoDhk-gE-cvSfEdcfqI7v9A_Z9FkDfAP_lGFY&random=3504070886&rmt_tld=1&ipr=y → 200 (87ms, 42B)
[2026-04-01T22:31:20.516Z] GET https://www.google.com.tr/rmkt/collect/17731977471/?random=1775082680271&cv=11&fst=1775082680271&fmt=8&bg=ffffff&guid=ON&async=1&en=gtag.config&gtm=45je63v0v9218448198za200zd9218448198xec&gcd=13l3l3l3l1l1&dma=0&tag_exp=0~115616986~115938466~115938468~116133312~116991816~117266402~117384406~118328122&u_w=1280&u_h=720&url=http%3A%2F%2Flocalhost%3A8765%2Frevenue-infrastruc-43.html&frm=0&tiba=Tibexa%20Global%20%7C%20B2B%20%C4%B0hracat%20Altyap%C4%B1s%C4%B1&hn=www.googleadservices.com&npa=0&pscdl=noapi&auid=238745303.1775082102&uaa=arm&uab=64&uafvl=Not%253AA-Brand%3B99.0.0.0%7CHeadlessChrome%3B145.0.7632.6%7CChromium%3B145.0.7632.6&uamb=0&uam=&uap=macOS&uapv=14.3.1&uaw=0&data=event%3Dgtag.config&gcp=5&ipr=y → 200 (19ms, ?B)
[2026-04-01T22:31:20.553Z] GET https://api.iconify.design/solar.json?icons=quote-left-linear → 200 (1ms, 125B)
[2026-04-01T22:31:25.280Z] POST https://www.google-analytics.com/g/collect?v=2&tid=G-2M6V79H761&gtm=45je63v0v9218448198za200zd9218448198&_p=1775082680187&gcd=13l3l3l3l1l1&npa=0&dma=0&cid=2087169256.1775082102&ul=en-us&sr=1280x720&uaa=arm&uab=64&uafvl=Not%253AA-Brand%3B99.0.0.0%7CHeadlessChrome%3B145.0.7632.6%7CChromium%3B145.0.7632.6&uamb=0&uam=&uap=macOS&uapv=14.3.1&uaw=0&are=1&frm=0&pscdl=noapi&_eu=AAAAAAQ&_s=1&tag_exp=0~115616986~115938466~115938468~116133312~116991816~117266402~117384406~118328122&sid=1775082102&sct=1&seg=1&dl=http%3A%2F%2Flocalhost%2Frevenue-infrastruc-43.html&dt=Tibexa%20Global%20%7C%20B2B%20%C4%B0hracat%20Altyap%C4%B1s%C4%B1&en=page_view&_ee=1&tfd=5193 → 204 (46ms, ?B)
[2026-04-01T22:31:50.124Z] POST https://www.google-analytics.com/g/collect?v=2&tid=G-2M6V79H761&gtm=45je63v0v9218448198za200zd9218448198&_p=1775082680187&gcd=13l3l3l3l1l1&npa=0&dma=0&cid=2087169256.1775082102&ul=en-us&sr=1280x720&uaa=arm&uab=64&uafvl=Not%253AA-Brand%3B99.0.0.0%7CHeadlessChrome%3B145.0.7632.6%7CChromium%3B145.0.7632.6&uamb=0&uam=&uap=macOS&uapv=14.3.1&uaw=0&are=1&frm=0&pscdl=noapi&_eu=AEAAAAQ&_s=2&tag_exp=0~115616986~115938466~115938468~116133312~116991816~117266402~117384406~118328122&sid=1775082102&sct=1&seg=1&dl=http%3A%2F%2Flocalhost%2Frevenue-infrastruc-43.html&dt=Tibexa%20Global%20%7C%20B2B%20%C4%B0hracat%20Altyap%C4%B1s%C4%B1&en=scroll&epn.percent_scrolled=90&_et=24843&tfd=30042 → 204 (51ms, ?B)
[2026-04-01T22:34:39.985Z] GET https://soothing-inspiration-production-6fd5.up.railway.app/ → 200 (127ms, 91052B)
[2026-04-01T22:34:40.123Z] GET https://fonts.googleapis.com/css2?family=Red+Hat+Display:wght@400;500;600;700&display=swap → 200 (6ms, 3592B)
[2026-04-01T22:34:40.123Z] GET https://cdn.jsdelivr.net/npm/@fontsource/geist-sans@5.0.1/index.min.css → 200 (6ms, 554B)
[2026-04-01T22:34:40.124Z] GET https://cdn.jsdelivr.net/npm/@fontsource/geist-mono@5.0.1/index.min.css → 200 (6ms, 554B)
[2026-04-01T22:34:40.124Z] GET https://code.iconify.design/iconify-icon/1.0.7/iconify-icon.min.js → 200 (12ms, 22003B)
[2026-04-01T22:34:40.124Z] GET https://unpkg.com/lucide@latest → 302 (59ms, ?B)
[2026-04-01T22:34:40.124Z] GET https://cdn.tailwindcss.com/ → 302 (11ms, ?B)
[2026-04-01T22:34:40.124Z] GET https://www.googletagmanager.com/gtag/js?id=G-2M6V79H761 → 200 (152ms, 535917B)
[2026-04-01T22:34:40.124Z] GET https://soothing-inspiration-production-6fd5.up.railway.app/TibexaLogo/Tibexa%20Global/WhiteLogo_cropped.png → 403 (74ms, 555B)
[2026-04-01T22:34:40.125Z] GET https://soothing-inspiration-production-6fd5.up.railway.app/Logo/ar%C4%B1n%C3%A7_clean.png → 200 (11ms, 21324B)
[2026-04-01T22:34:40.125Z] GET https://soothing-inspiration-production-6fd5.up.railway.app/Logo/coniwi.png → 200 (12ms, 285709B)
[2026-04-01T22:34:40.125Z] GET https://soothing-inspiration-production-6fd5.up.railway.app/Logo/ertanlar_clean.png → 200 (12ms, 58690B)
[2026-04-01T22:34:40.125Z] GET https://soothing-inspiration-production-6fd5.up.railway.app/Logo/fema.svg → 200 (12ms, 1935B)
[2026-04-01T22:34:40.125Z] GET https://soothing-inspiration-production-6fd5.up.railway.app/Logo/igrek_clean.png → 200 (77ms, 7257B)
[2026-04-01T22:34:40.125Z] GET https://soothing-inspiration-production-6fd5.up.railway.app/Logo/naturagen.webp → 200 (145ms, 26906B)
[2026-04-01T22:34:40.125Z] GET https://soothing-inspiration-production-6fd5.up.railway.app/Logo/nurgun_clean.png → 200 (146ms, 12031B)
[2026-04-01T22:34:40.125Z] GET https://soothing-inspiration-production-6fd5.up.railway.app/Logo/rapidlanyard_clean.png → 200 (146ms, 31222B)
[2026-04-01T22:34:40.125Z] GET https://soothing-inspiration-production-6fd5.up.railway.app/Logo/selinclogo1_clean.png → 200 (146ms, 115666B)
[2026-04-01T22:34:40.125Z] GET https://soothing-inspiration-production-6fd5.up.railway.app/Logo/profile_salih.png → 200 (146ms, 172636B)
[2026-04-01T22:34:40.125Z] GET https://images.unsplash.com/photo-1573496359142-b8d87734a5a2?q=80&w=1200&auto=format&fit=crop → 200 (148ms, 128279B)
[2026-04-01T22:34:40.125Z] GET https://soothing-inspiration-production-6fd5.up.railway.app/TibexaLogo/Tibexa%20Global/WhiteLogo.png → 403 (179ms, 555B)
[2026-04-01T22:34:40.136Z] GET https://cdn.tailwindcss.com/3.4.17 → 200 (4ms, 407279B)
[2026-04-01T22:34:40.183Z] GET https://unpkg.com/lucide@1.7.0/dist/umd/lucide.min.js → 200 (8ms, 397410B)
[2026-04-01T22:34:40.301Z] GET https://cdn.jsdelivr.net/npm/@fontsource/geist-sans@5.0.1/files/geist-sans-latin-400-normal.woff2 → 200 (3ms, 33400B)
[2026-04-01T22:34:40.302Z] GET https://cdn.jsdelivr.net/npm/@fontsource/geist-mono@5.0.1/files/geist-mono-latin-400-normal.woff2 → 200 (2ms, 17500B)
[2026-04-01T22:34:40.582Z] GET https://api.iconify.design/solar.json?icons=quote-left-linear → 200 (9ms, 125B)
[2026-04-01T22:34:40.619Z] GET https://googleads.g.doubleclick.net/pagead/viewthroughconversion/17731977471/?random=1775082880609&cv=11&fst=1775082880609&bg=ffffff&guid=ON&async=1&en=gtag.config&gtm=45je63v0v9218448198za200zd9218448198xec&gcd=13l3l3l3l1l1&dma=0&tag_exp=0~115938466~115938468~116133312~116991817~117266402~118328143&u_w=1280&u_h=720&url=https%3A%2F%2Fsoothing-inspiration-production-6fd5.up.railway.app%2F&frm=0&tiba=Tibexa%20Global%20%7C%20B2B%20%C4%B0hracat%20Altyap%C4%B1s%C4%B1&hn=www.googleadservices.com&npa=0&pscdl=noapi&auid=1598124730.1775082087&uaa=arm&uab=64&uafvl=Not%253AA-Brand%3B99.0.0.0%7CHeadlessChrome%3B145.0.7632.6%7CChromium%3B145.0.7632.6&uamb=0&uam=&uap=macOS&uapv=14.3.1&uaw=0&data=event%3Dgtag.config&rfmt=3&fmt=4 → pending (?ms, ?B)
[2026-04-01T22:34:40.619Z] POST https://www.google.com/ccm/collect?frm=0&en=page_view&dl=https%3A%2F%2Fsoothing-inspiration-production-6fd5.up.railway.app%2F&scrsrc=www.googletagmanager.com&rnd=1751255988.1775082881&dt=Tibexa%20Global%20%7C%20B2B%20%C4%B0hracat%20Altyap%C4%B1s%C4%B1&auid=1598124730.1775082087&navt=n&npa=0&gtm=45je63v0v9218448198za200zd9218448198xec&gcd=13l3l3l3l1l1&dma=0&tag_exp=0~115938466~115938468~116133312~116991817~117266402~118328143&apve=1&apvf=f&apvc=1&tids=AW-17731977471&tid=AW-17731977471&tft=1775082880617&tfd=635 → pending (?ms, ?B)
[2026-04-01T22:34:40.725Z] GET https://www.google.com/pagead/1p-user-list/17731977471/?random=1775082880609&cv=11&fst=1775080800000&bg=ffffff&guid=ON&async=1&en=gtag.config&gtm=45je63v0v9218448198za200zd9218448198xec&gcd=13l3l3l3l1l1&dma=0&tag_exp=0~115938466~115938468~116133312~116991817~117266402~118328143&u_w=1280&u_h=720&url=https%3A%2F%2Fsoothing-inspiration-production-6fd5.up.railway.app%2F&frm=0&tiba=Tibexa%20Global%20%7C%20B2B%20%C4%B0hracat%20Altyap%C4%B1s%C4%B1&hn=www.googleadservices.com&npa=0&pscdl=noapi&auid=1598124730.1775082087&uaa=arm&uab=64&uafvl=Not%253AA-Brand%3B99.0.0.0%7CHeadlessChrome%3B145.0.7632.6%7CChromium%3B145.0.7632.6&uamb=0&uam=&uap=macOS&uapv=14.3.1&uaw=0&data=event%3Dgtag.config&rfmt=3&fmt=3&is_vtc=1&cid=CAQS1gEABaugfYq7-UdAKwIvrVwz5rnxjvLiK-eGzjFFEzv__SaMbsLb4NHAkHLdLyKXN9nuH_jmnZQZbNdLqD4SuR-APF0KOB3TVG57v8wmOPuq__xn5a4CdCEps7mL3nuKqTqrz72PsVz-aREhQvRoqJMvDG9r04ddO9tV_lq91q9onLL3a9l1T5K6KuIsfqsbWK6NNyLQTqvXi66u5gqrZRc9pIa1sE2eBA1oL8KOInVS5mqjIJl2_qkHR3VN_WDVOap6VFaut7-fxrd_Mh9EG9s6JzaRj6Ik&random=178536098&rmt_tld=0&ipr=y → 200 (80ms, 42B)
[2026-04-01T22:34:40.725Z] GET https://www.google.com.tr/pagead/1p-user-list/17731977471/?random=1775082880609&cv=11&fst=1775080800000&bg=ffffff&guid=ON&async=1&en=gtag.config&gtm=45je63v0v9218448198za200zd9218448198xec&gcd=13l3l3l3l1l1&dma=0&tag_exp=0~115938466~115938468~116133312~116991817~117266402~118328143&u_w=1280&u_h=720&url=https%3A%2F%2Fsoothing-inspiration-production-6fd5.up.railway.app%2F&frm=0&tiba=Tibexa%20Global%20%7C%20B2B%20%C4%B0hracat%20Altyap%C4%B1s%C4%B1&hn=www.googleadservices.com&npa=0&pscdl=noapi&auid=1598124730.1775082087&uaa=arm&uab=64&uafvl=Not%253AA-Brand%3B99.0.0.0%7CHeadlessChrome%3B145.0.7632.6%7CChromium%3B145.0.7632.6&uamb=0&uam=&uap=macOS&uapv=14.3.1&uaw=0&data=event%3Dgtag.config&rfmt=3&fmt=3&is_vtc=1&cid=CAQS1gEABaugfYq7-UdAKwIvrVwz5rnxjvLiK-eGzjFFEzv__SaMbsLb4NHAkHLdLyKXN9nuH_jmnZQZbNdLqD4SuR-APF0KOB3TVG57v8wmOPuq__xn5a4CdCEps7mL3nuKqTqrz72PsVz-aREhQvRoqJMvDG9r04ddO9tV_lq91q9onLL3a9l1T5K6KuIsfqsbWK6NNyLQTqvXi66u5gqrZRc9pIa1sE2eBA1oL8KOInVS5mqjIJl2_qkHR3VN_WDVOap6VFaut7-fxrd_Mh9EG9s6JzaRj6Ik&random=178536098&rmt_tld=1&ipr=y → 200 (108ms, 42B)
[2026-04-01T22:34:45.611Z] POST https://www.google-analytics.com/g/collect?v=2&tid=G-2M6V79H761&gtm=45je63v0v9218448198za200zd9218448198&_p=1775082880227&gcd=13l3l3l3l1l1&npa=0&dma=0&cid=1938244526.1775082087&ul=en-us&sr=1280x720&uaa=arm&uab=64&uafvl=Not%253AA-Brand%3B99.0.0.0%7CHeadlessChrome%3B145.0.7632.6%7CChromium%3B145.0.7632.6&uamb=0&uam=&uap=macOS&uapv=14.3.1&uaw=0&are=1&frm=0&pscdl=noapi&_eu=AAAAAAQ&_s=1&tag_exp=0~115938466~115938468~116133312~116991817~117266402~118328143&sid=1775082086&sct=1&seg=1&dl=https%3A%2F%2Fsoothing-inspiration-production-6fd5.up.railway.app%2F&dt=Tibexa%20Global%20%7C%20B2B%20%C4%B0hracat%20Altyap%C4%B1s%C4%B1&en=page_view&_ee=1&tfd=5627 → 204 (50ms, ?B)
